<?xml version="1.0" encoding="UTF-8"?>
<!-- Generated by org.testng.reporters.JUnitReportReporter -->
<testsuite hostname="Nts-UjwalGai" failures="0" tests="1" name="com.restassured.api.tests.crud.CreateNewBooking" time="4.327" errors="0" timestamp="2024-09-23T13:51:19 IST" skipped="0">
  <testcase classname="com.restassured.api.tests.crud.CreateNewBooking" name="createBooking" time="4.327"/>
</testsuite> <!-- com.restassured.api.tests.crud.CreateNewBooking -->
