<?xml version="1.0" encoding="UTF-8"?>
<!-- Generated by org.testng.reporters.JUnitReportReporter -->
<testsuite hostname="Nts-UjwalGai" failures="0" tests="1" name="com.restassured.api.tests.crud.CreateNewBooking" time="5.866" errors="0" timestamp="2024-12-25T20:05:31 IST" skipped="0">
  <testcase classname="com.restassured.api.tests.crud.CreateNewBooking" name="createBooking" time="5.866"/>
</testsuite> <!-- com.restassured.api.tests.crud.CreateNewBooking -->
