<?xml version="1.0" encoding="UTF-8"?>
<!-- Generated by org.testng.reporters.JUnitReportReporter -->
<testsuite hostname="Nts-UjwalGai" failures="0" tests="5" name="com.restassured.api.tests.integration.IntegrationTestCases" time="12.194" errors="0" timestamp="2024-12-25T20:05:31 IST" skipped="0">
  <testcase classname="com.restassured.api.tests.integration.IntegrationTestCases" name="testCreateBookingIntoSystem" time="4.254"/>
  <testcase classname="com.restassured.api.tests.integration.IntegrationTestCases" name="testVerifyBookingInformationUsingId" time="1.825"/>
  <testcase classname="com.restassured.api.tests.integration.IntegrationTestCases" name="testUpdateBookingById" time="2.251"/>
  <testcase classname="com.restassured.api.tests.integration.IntegrationTestCases" name="testDeleteBookingById" time="1.930"/>
  <testcase classname="com.restassured.api.tests.integration.IntegrationTestCases" name="testDisplayDeletedBookingInformation" time="1.934"/>
</testsuite> <!-- com.restassured.api.tests.integration.IntegrationTestCases -->
