<?xml version="1.0" encoding="UTF-8"?>
<!-- Generated by org.testng.reporters.JUnitReportReporter -->
<testsuite hostname="Nts-UjwalGai" failures="0" tests="4" name="com.restassured.api.tests.integration.IntegrationTestCaseTemplate" time="0.009" errors="0" timestamp="2024-12-25T20:05:31 IST" skipped="0">
  <testcase classname="com.restassured.api.tests.integration.IntegrationTestCaseTemplate" name="testCreateBooking" time="0.003"/>
  <testcase classname="com.restassured.api.tests.integration.IntegrationTestCaseTemplate" name="testVerifyBookingId" time="0.002"/>
  <testcase classname="com.restassured.api.tests.integration.IntegrationTestCaseTemplate" name="testUpdateBookingById" time="0.002"/>
  <testcase classname="com.restassured.api.tests.integration.IntegrationTestCaseTemplate" name="testDeletwBookingById" time="0.002"/>
</testsuite> <!-- com.restassured.api.tests.integration.IntegrationTestCaseTemplate -->
