<?xml version="1.0" encoding="UTF-8"?>
<!-- Generated by org.testng.reporters.JUnitReportReporter -->
<testsuite hostname="Nts-UjwalGai" failures="0" tests="4" name="com.restassured.api.tests.integration.IntegrationTestCase" time="0.064" errors="0" timestamp="2024-07-06T18:07:36 IST" skipped="0">
  <testcase classname="com.restassured.api.tests.integration.IntegrationTestCase" name="testCreateBooking" time="0.057"/>
  <testcase classname="com.restassured.api.tests.integration.IntegrationTestCase" name="testVerifyBookingId" time="0.002"/>
  <testcase classname="com.restassured.api.tests.integration.IntegrationTestCase" name="testUpdateBookingById" time="0.003"/>
  <testcase classname="com.restassured.api.tests.integration.IntegrationTestCase" name="testDeletwBookingById" time="0.002"/>
</testsuite> <!-- com.restassured.api.tests.integration.IntegrationTestCase -->
