<?xml version="1.0" encoding="UTF-8"?>
<!-- Generated by org.testng.reporters.JUnitReportReporter -->
<testsuite hostname="Nts-UjwalGai" failures="0" tests="1" name="com.restassured.api.test.cases.GetBookingByIdTestCases" time="2.698" errors="0" timestamp="2024-09-23T14:08:44 IST" skipped="0">
  <testcase classname="com.restassured.api.test.cases.GetBookingByIdTestCases" name="getAllBookings" time="2.698"/>
</testsuite> <!-- com.restassured.api.test.cases.GetBookingByIdTestCases -->
