<?xml version="1.0" encoding="UTF-8"?>
<!-- Generated by org.testng.reporters.JUnitReportReporter -->
<testsuite hostname="Nts-UjwalGai" failures="0" tests="6" name="com.restassured.api.test.cases.TokenGenerationTestCases" time="14.460" errors="0" timestamp="2024-12-25T19:58:00 IST" skipped="0">
  <testcase classname="com.restassured.api.test.cases.TokenGenerationTestCases" name="generateTokenUsingValidUsernameInvalidPassword" time="3.914"/>
  <testcase classname="com.restassured.api.test.cases.TokenGenerationTestCases" name="generateTokenUsingInValidUsernameValidPassword" time="1.528"/>
  <testcase classname="com.restassured.api.test.cases.TokenGenerationTestCases" name="generateTokenUsingInValidUsernameInvalidPassword" time="1.831"/>
  <testcase classname="com.restassured.api.test.cases.TokenGenerationTestCases" name="generateTokenUsingBlankInputs" time="2.040"/>
  <testcase classname="com.restassured.api.test.cases.TokenGenerationTestCases" name="generateTokenUsingSpecialCharactersInputs" time="2.341"/>
  <testcase classname="com.restassured.api.test.cases.TokenGenerationTestCases" name="generateTokenUsingNumbersAsInputs" time="2.806"/>
</testsuite> <!-- com.restassured.api.test.cases.TokenGenerationTestCases -->
