<?xml version="1.0" encoding="UTF-8"?>
<!-- Generated by org.testng.reporters.JUnitReportReporter -->
<testsuite hostname="DESKTOP-Q3HHOE3" failures="0" tests="2" name="com.restassured.api.tests.integration.IntegrationTestCases" time="7.038" errors="0" timestamp="2025-01-05T20:51:03 IST" skipped="0">
  <testcase classname="com.restassured.api.tests.integration.IntegrationTestCases" name="testCreateBookingIntoSystem" time="5.200"/>
  <testcase classname="com.restassured.api.tests.integration.IntegrationTestCases" name="testVerifyBookingInformationUsingId" time="1.838"/>
</testsuite> <!-- com.restassured.api.tests.integration.IntegrationTestCases -->
