<?xml version="1.0" encoding="UTF-8"?>
<!-- Generated by org.testng.reporters.JUnitReportReporter -->
<testsuite hostname="Nts-UjwalGai" failures="0" tests="4" name="com.restassured.api.tests.integration.IntegrationTestCaseTemplate" time="0.006" errors="0" timestamp="2024-07-08T13:34:18 IST" skipped="0">
  <testcase classname="com.restassured.api.tests.integration.IntegrationTestCaseTemplate" name="testCreateBooking" time="0.002"/>
  <testcase classname="com.restassured.api.tests.integration.IntegrationTestCaseTemplate" name="testVerifyBookingId" time="0.001"/>
  <testcase classname="com.restassured.api.tests.integration.IntegrationTestCaseTemplate" name="testUpdateBookingById" time="0.002"/>
  <testcase classname="com.restassured.api.tests.integration.IntegrationTestCaseTemplate" name="testDeletwBookingById" time="0.001"/>
</testsuite> <!-- com.restassured.api.tests.integration.IntegrationTestCaseTemplate -->
