<?xml version="1.0" encoding="UTF-8"?>
<!-- Generated by org.testng.reporters.JUnitReportReporter -->
<testsuite hostname="Nts-UjwalGai" failures="0" tests="6" name="com.restassured.api.test.cases.TokenGenerationTestCases" time="9.711" errors="0" timestamp="2024-09-23T14:10:53 IST" skipped="0">
  <testcase classname="com.restassured.api.test.cases.TokenGenerationTestCases" name="generateTokenUsingInValidCredentialsValidUserInvalidPass" time="2.474"/>
  <testcase classname="com.restassured.api.test.cases.TokenGenerationTestCases" name="generateTokenUsingInValidCredentialsInValidUservalidPass" time="1.425"/>
  <testcase classname="com.restassured.api.test.cases.TokenGenerationTestCases" name="generateTokenUsingInValidCredentialsInValidUserInvalidPass" time="1.415"/>
  <testcase classname="com.restassured.api.test.cases.TokenGenerationTestCases" name="generateTokenUsingBlankInputs" time="1.433"/>
  <testcase classname="com.restassured.api.test.cases.TokenGenerationTestCases" name="generateTokenUsingSpecialCharactersInputs" time="1.620"/>
  <testcase classname="com.restassured.api.test.cases.TokenGenerationTestCases" name="generateTokenUsingNumbersAsInputs" time="1.344"/>
</testsuite> <!-- com.restassured.api.test.cases.TokenGenerationTestCases -->
