<?xml version="1.0" encoding="UTF-8"?>
<!-- Generated by org.testng.reporters.JUnitReportReporter -->
<testsuite hostname="Nts-UjwalGai" failures="0" tests="5" name="com.restassured.api.tests.integration.IntegrationTestCases" time="9.159" errors="0" timestamp="2024-08-23T13:07:37 IST" skipped="0">
  <testcase classname="com.restassured.api.tests.integration.IntegrationTestCases" name="testCreateBookingIntoSystem" time="3.577"/>
  <testcase classname="com.restassured.api.tests.integration.IntegrationTestCases" name="testVerifyBookingInformationUsingId" time="1.200"/>
  <testcase classname="com.restassured.api.tests.integration.IntegrationTestCases" name="testUpdateBookingById" time="1.243"/>
  <testcase classname="com.restassured.api.tests.integration.IntegrationTestCases" name="testDeleteBookingById" time="1.573"/>
  <testcase classname="com.restassured.api.tests.integration.IntegrationTestCases" name="testDisplayDeletedBookingInformation" time="1.566"/>
</testsuite> <!-- com.restassured.api.tests.integration.IntegrationTestCases -->
