<?xml version="1.0" encoding="UTF-8"?>
<!-- Generated by org.testng.reporters.JUnitReportReporter -->
<testsuite hostname="Nts-UjwalGai" failures="0" tests="1" name="com.restassured.api.tests.crud.CreateNewBooking" time="3.802" errors="0" timestamp="2024-07-04T19:32:51 IST" skipped="0">
  <testcase classname="com.restassured.api.tests.crud.CreateNewBooking" name="createBooking" time="3.802"/>
</testsuite> <!-- com.restassured.api.tests.crud.CreateNewBooking -->
