<?xml version="1.0" encoding="UTF-8"?>
<!-- Generated by org.testng.reporters.JUnitReportReporter -->
<testsuite hostname="Nts-UjwalGai" failures="0" tests="1" name="com.restassured.api.test.cases.GetBookings" time="2.569" errors="0" timestamp="2024-07-12T16:32:34 IST" skipped="0">
  <testcase classname="com.restassured.api.test.cases.GetBookings" name="getAllBookings" time="2.569"/>
</testsuite> <!-- com.restassured.api.test.cases.GetBookings -->
