<?xml version="1.0" encoding="UTF-8"?>
<!-- Generated by org.testng.reporters.JUnitReportReporter -->
<testsuite hostname="Nts-UjwalGai" failures="0" tests="1" name="com.restassured.api.test.cases.GetAllBookingTestCases" time="6.907" errors="0" timestamp="2024-09-23T15:51:23 IST" skipped="0">
  <testcase classname="com.restassured.api.test.cases.GetAllBookingTestCases" name="getAllBookings" time="6.907"/>
</testsuite> <!-- com.restassured.api.test.cases.GetAllBookingTestCases -->
